0 info it worked if it ends with ok
1 verbose cli [ 'node', '/opt/boxen/homebrew/bin/npm', 'start' ]
2 info using npm@2.7.1
3 info using node@v0.12.0
4 verbose node symlink /opt/boxen/homebrew/bin/node
5 verbose stack Error: missing script: start
5 verbose stack     at run (/opt/boxen/homebrew/lib/node_modules/npm/lib/run-script.js:165:19)
5 verbose stack     at /opt/boxen/homebrew/lib/node_modules/npm/lib/run-script.js:81:5
5 verbose stack     at /opt/boxen/homebrew/lib/node_modules/npm/node_modules/read-package-json/read-json.js:52:40
5 verbose stack     at /opt/boxen/homebrew/lib/node_modules/npm/node_modules/read-package-json/read-json.js:376:33
5 verbose stack     at checkBinReferences_ (/opt/boxen/homebrew/lib/node_modules/npm/node_modules/read-package-json/read-json.js:341:59)
5 verbose stack     at final (/opt/boxen/homebrew/lib/node_modules/npm/node_modules/read-package-json/read-json.js:373:17)
5 verbose stack     at then (/opt/boxen/homebrew/lib/node_modules/npm/node_modules/read-package-json/read-json.js:127:33)
5 verbose stack     at /opt/boxen/homebrew/lib/node_modules/npm/node_modules/read-package-json/read-json.js:332:40
5 verbose stack     at evalmachine.<anonymous>:336:14
5 verbose stack     at /opt/boxen/homebrew/lib/node_modules/npm/node_modules/graceful-fs/graceful-fs.js:102:5
6 verbose cwd /Users/guspowell/Projects/gitHub_profiles_angular
7 error Darwin 14.1.1
8 error argv "node" "/opt/boxen/homebrew/bin/npm" "start"
9 error node v0.12.0
10 error npm  v2.7.1
11 error missing script: start
12 error If you need help, you may report this error at:
12 error     <https://github.com/npm/npm/issues>
13 verbose exit [ 1, true ]
